2016/05/22 08:26:27 heroku-cli/5.2.7-d27a5e1 (linux-amd64) go1.6.2 /home/nitrous/.local/share/heroku/cli/bin/heroku cmd: update
2016/05/22 08:26:27  ▸    Error: Unexpected flag --background
 ▸    Usage: heroku update [CHANNEL]
 ▸    This command does not take any flags.
 ▸    
 ▸    See more information with heroku update --help
2016/05/22 08:26:27 triggering background update
2016/05/22 08:26:27 heroku-cli/5.2.7-d27a5e1 (linux-amd64) go1.6.2 /home/nitrous/.local/share/heroku/cli/bin/heroku cmd: update
2016/05/22 08:26:57 heroku-cli/5.2.7-d27a5e1 (linux-amd64) go1.6.2 /home/nitrous/.local/share/heroku/cli/bin/heroku cmd: version
2016/05/22 08:26:57 heroku-cli/5.2.7-d27a5e1 (linux-amd64) go1.6.2 /home/nitrous/.local/share/heroku/cli/bin/heroku cmd: commands
2016/05/22 08:26:57 heroku-cli/5.2.7-d27a5e1 (linux-amd64) go1.6.2 /home/nitrous/.local/share/heroku/cli/bin/heroku cmd: create
2016/05/22 08:26:57  ▸    Error: Unexpected arguments Assignment 1
 ▸    Usage: heroku create [APP]
 ▸    You gave this command too many arguments. Try the command again without these extra arguments.
 ▸    
 ▸    See more information with heroku create --help
2016/05/22 08:27:13 heroku-cli/5.2.7-d27a5e1 (linux-amd64) go1.6.2 /home/nitrous/.local/share/heroku/cli/bin/heroku cmd: version
2016/05/22 08:27:13 heroku-cli/5.2.7-d27a5e1 (linux-amd64) go1.6.2 /home/nitrous/.local/share/heroku/cli/bin/heroku cmd: commands
2016/05/22 08:27:13 heroku-cli/5.2.7-d27a5e1 (linux-amd64) go1.6.2 /home/nitrous/.local/share/heroku/cli/bin/heroku cmd: create
2016/05/22 08:27:14 Error: Expected response to be successful, got 422
    at Request.handleFailure (/home/nitrous/.local/share/heroku/cli/lib/node_modules/heroku-apps/node_modules/heroku-client/lib/request.js:240:11)
    at concat.then (/home/nitrous/.local/share/heroku/cli/lib/node_modules/heroku-apps/node_modules/heroku-client/lib/request.js:131:16)
    at process._tickCallback (internal/process/next_tick.js:103:7)
2016/05/22 08:27:14 {"id":"invalid_params","message":"Name must start with a letter and can only contain lowercase letters, numbers, and dashes."}
2016/05/22 08:28:01 heroku-cli/5.2.7-d27a5e1 (linux-amd64) go1.6.2 /home/nitrous/.local/share/heroku/cli/bin/heroku cmd: version
2016/05/22 08:28:01 heroku-cli/5.2.7-d27a5e1 (linux-amd64) go1.6.2 /home/nitrous/.local/share/heroku/cli/bin/heroku cmd: commands
2016/05/22 08:28:01 heroku-cli/5.2.7-d27a5e1 (linux-amd64) go1.6.2 /home/nitrous/.local/share/heroku/cli/bin/heroku cmd: create
2016/05/22 08:28:50 heroku-cli/5.2.7-d27a5e1 (linux-amd64) go1.6.2 /home/nitrous/.local/share/heroku/cli/bin/heroku cmd: version
2016/05/22 08:28:50 heroku-cli/5.2.7-d27a5e1 (linux-amd64) go1.6.2 /home/nitrous/.local/share/heroku/cli/bin/heroku cmd: commands
2016/05/22 08:28:50 heroku-cli/5.2.7-d27a5e1 (linux-amd64) go1.6.2 /home/nitrous/.local/share/heroku/cli/bin/heroku cmd: create
